0 info it worked if it ends with ok
1 verbose cli [ '/usr/local/bin/node', '/usr/local/bin/npm', 'start' ]
2 info using npm@1.4.28
3 info using node@v0.13.0-pre
4 verbose run-script [ 'prestart', 'start', 'poststart' ]
5 info prestart protractor-console-plugin@0.1.0
6 info start protractor-console-plugin@0.1.0
7 verbose unsafe-perm in lifecycle true
8 info protractor-console-plugin@0.1.0 Failed to exec start script
9 error protractor-console-plugin@0.1.0 start: `node node_modules/protractor/testapp/scripts/web-server.js`
9 error Exit status 1
10 error Failed at the protractor-console-plugin@0.1.0 start script.
10 error This is most likely a problem with the protractor-console-plugin package,
10 error not with npm itself.
10 error Tell the author that this fails on your system:
10 error     node node_modules/protractor/testapp/scripts/web-server.js
10 error You can get their info via:
10 error     npm owner ls protractor-console-plugin
10 error There is likely additional logging output above.
11 error System Linux 3.13.0-66-generic
12 error command "/usr/local/bin/node" "/usr/local/bin/npm" "start"
13 error cwd /usr/local/google/home/sjelin/protractor-console-plugin
14 error node -v v0.13.0-pre
15 error npm -v 1.4.28
16 error code ELIFECYCLE
17 verbose exit [ 1, true ]
